<?xml version="1.0" encoding="UTF-8"?>
<!-- Generated by org.testng.reporters.JUnitReportReporter -->
<testsuite skipped="0" hostname="VaibhavG" name="Tests.Testclass" tests="3" failures="0" timestamp="27 Feb 2021 10:02:57 GMT" time="0.016" errors="0">
  <testcase name="test1" time="0.015" classname="Tests.Testclass"/>
  <testcase name="test1" time="0.000" classname="Tests.Testclass"/>
  <testcase name="test2" time="0.001" classname="Tests.Testclass"/>
</testsuite> <!-- Tests.Testclass -->
