<?xml version="1.0" encoding="UTF-8"?>
<!-- Generated by org.testng.reporters.JUnitReportReporter -->
<testsuite skipped="0" hostname="VaibhavG" name="Tests.CreditCardLayout" tests="4" failures="0" timestamp="02 Mar 2021 11:33:36 GMT" time="164.848" errors="0">
  <testcase name="enterdetails" time="51.309" classname="Tests.CreditCardLayout"/>
  <testcase name="enterdetails" time="51.717" classname="Tests.CreditCardLayout"/>
  <testcase name="enterdetails" time="51.373" classname="Tests.CreditCardLayout"/>
  <testcase name="closebrowser" time="10.449" classname="Tests.CreditCardLayout"/>
</testsuite> <!-- Tests.CreditCardLayout -->
