<?xml version="1.0" encoding="UTF-8"?>
<!-- Generated by org.testng.reporters.JUnitReportReporter -->
<testsuite skipped="0" hostname="VaibhavG" name="Tests.TPBLogin" tests="2" failures="0" timestamp="04 Mar 2021 17:00:29 GMT" time="37.770" errors="0">
  <testcase name="loginpage" time="30.604" classname="Tests.TPBLogin"/>
  <testcase name="Newlayout" time="7.166" classname="Tests.TPBLogin"/>
</testsuite> <!-- Tests.TPBLogin -->
