<?xml version="1.0" encoding="UTF-8"?>
<!-- Generated by org.testng.reporters.JUnitReportReporter -->
<testsuite skipped="0" hostname="VaibhavG" name="Tests.KhoanVayLayout" tests="2" failures="0" timestamp="04 Mar 2021 17:00:29 GMT" time="60.588" errors="0">
  <testcase name="enterKhoanVayLayoutDetails" time="55.099" classname="Tests.KhoanVayLayout"/>
  <testcase name="closebrowser" time="5.489" classname="Tests.KhoanVayLayout"/>
</testsuite> <!-- Tests.KhoanVayLayout -->
