<?xml version="1.0" encoding="UTF-8"?>
<!-- Generated by org.testng.reporters.JUnitReportReporter -->
<testsuite skipped="0" hostname="VaibhavG" name="Tests.TPBLogin" tests="2" failures="0" timestamp="05 Mar 2021 11:27:09 GMT" time="48.294" errors="0">
  <testcase name="loginpage" time="38.975" classname="Tests.TPBLogin"/>
  <testcase name="Newlayout" time="9.319" classname="Tests.TPBLogin"/>
</testsuite> <!-- Tests.TPBLogin -->
